<?xml version="1.0" encoding="UTF-8"?>
<!-- Generated by org.testng.reporters.JUnitReportReporter -->
<testsuite hostname="DESKTOP-EHFVP40" failures="0" tests="2" name="module11_assignment1.Actions" time="1.583" errors="0" timestamp="2023-11-30T11:18:26 IST" skipped="0">
  <testcase classname="module11_assignment1.Actions" name="Login" time="0.756"/>
  <testcase classname="module11_assignment1.Actions" name="Login" time="0.827"/>
</testsuite> <!-- module11_assignment1.Actions -->
