<?xml version="1.0" encoding="UTF-8"?>
<!-- Generated by org.testng.reporters.JUnitReportReporter -->
<testsuite hostname="DESKTOP-EHFVP40" failures="0" tests="1" name="module11_assignment3.LoginActions" time="0.751" errors="0" timestamp="2023-11-30T11:18:26 IST" skipped="0">
  <testcase classname="module11_assignment3.LoginActions" name="Login" time="0.751"/>
</testsuite> <!-- module11_assignment3.LoginActions -->
