<?xml version="1.0" encoding="UTF-8"?>
<!-- Generated by org.testng.reporters.JUnitReportReporter -->
<testsuite hostname="DESKTOP-EHFVP40" failures="0" tests="1" name="module10.AssignmenTest" time="0.028" errors="0" timestamp="2023-11-22T18:02:47 IST" skipped="0">
  <testcase classname="module10.AssignmenTest" name="s" time="0.028"/>
</testsuite> <!-- module10.AssignmenTest -->
