<?xml version="1.0" encoding="UTF-8"?>
<!-- Generated by org.testng.reporters.JUnitReportReporter -->
<testsuite hostname="DESKTOP-EHFVP40" failures="0" tests="1" name="module9_assignment4.Assignment4" time="0.745" errors="0" timestamp="2023-11-21T19:03:07 IST" skipped="0">
  <testcase classname="module9_assignment4.Assignment4" name="Login" time="0.745"/>
</testsuite> <!-- module9_assignment4.Assignment4 -->
