<?xml version="1.0" encoding="UTF-8"?>
<!-- Generated by org.testng.reporters.JUnitReportReporter -->
<testsuite hostname="DESKTOP-EHFVP40" failures="0" tests="1" name="module09_assignment4.Assignment4" time="0.653" errors="0" timestamp="2023-11-28T19:09:32 IST" skipped="0">
  <testcase classname="module09_assignment4.Assignment4" name="Login" time="0.653"/>
</testsuite> <!-- module09_assignment4.Assignment4 -->
